16:29:04 **** ビルド of configuration Debug for project 20250306_struct_it6_ps3 ****
make -j16 all 
arm-none-eabi-size  20250306_struct_it6_ps3.elf 
   text	   data	    bss	    dec	    hex	filename
  20636	    104	   2176	  22916	   5984	20250306_struct_it6_ps3.elf
Finished building: default.size.stdout
 
16:29:14 **** インクリメンタル・ビルド of configuration Debug for project 20250306_struct_it6_ps3 ****
make -j16 all 
arm-none-eabi-size  20250306_struct_it6_ps3.elf 
   text	   data	    bss	    dec	    hex	filename
  20636	    104	   2176	  22916	   5984	20250306_struct_it6_ps3.elf
Finished building: default.size.stdout
 
09:52:38 **** ビルド of configuration Debug for project 20250307_motor1 ****
make -j16 all 
arm-none-eabi-gcc "../Drivers/STM32F4xx_HAL_Driver/Src/stm32f4xx_hal.c" -mcpu=cortex-m4 -std=gnu11 -g3 -DDEBUG -DUSE_HAL_DRIVER -DSTM32F446xx -c -I../Core/Inc -I../Drivers/STM32F4xx_HAL_Driver/Inc -I../Drivers/STM32F4xx_HAL_Driver/Inc/Legacy -I../Drivers/CMSIS/Device/ST/STM32F4xx/Include -I../Drivers/CMSIS/Include -O0 -ffunction-sections -fdata-sections -Wall -fstack-usage -fcyclomatic-complexity -MMD -MP -MF"Drivers/STM32F4xx_HAL_Driver/Src/stm32f4xx_hal.d" -MT"Drivers/STM32F4xx_HAL_Driver/Src/stm32f4xx_hal.o" --specs=nano.specs -mfpu=fpv4-sp-d16 -mfloat-abi=hard -mthumb -o "Drivers/STM32F4xx_HAL_Driver/Src/stm32f4xx_hal.o"
arm-none-eabi-gcc "../Drivers/STM32F4xx_HAL_Driver/Src/stm32f4xx_hal_cortex.c" -mcpu=cortex-m4 -std=gnu11 -g3 -DDEBUG -DUSE_HAL_DRIVER -DSTM32F446xx -c -I../Core/Inc -I../Drivers/STM32F4xx_HAL_Driver/Inc -I../Drivers/STM32F4xx_HAL_Driver/Inc/Legacy -I../Drivers/CMSIS/Device/ST/STM32F4xx/Include -I../Drivers/CMSIS/Include -O0 -ffunction-sections -fdata-sections -Wall -fstack-usage -fcyclomatic-complexity -MMD -MP -MF"Drivers/STM32F4xx_HAL_Driver/Src/stm32f4xx_hal_cortex.d" -MT"Drivers/STM32F4xx_HAL_Driver/Src/stm32f4xx_hal_cortex.o" --specs=nano.specs -mfpu=fpv4-sp-d16 -mfloat-abi=hard -mthumb -o "Drivers/STM32F4xx_HAL_Driver/Src/stm32f4xx_hal_cortex.o"
arm-none-eabi-gcc "../Drivers/STM32F4xx_HAL_Driver/Src/stm32f4xx_hal_dma.c" -mcpu=cortex-m4 -std=gnu11 -g3 -DDEBUG -DUSE_HAL_DRIVER -DSTM32F446xx -c -I../Core/Inc -I../Drivers/STM32F4xx_HAL_Driver/Inc -I../Drivers/STM32F4xx_HAL_Driver/Inc/Legacy -I../Drivers/CMSIS/Device/ST/STM32F4xx/Include -I../Drivers/CMSIS/Include -O0 -ffunction-sections -fdata-sections -Wall -fstack-usage -fcyclomatic-complexity -MMD -MP -MF"Drivers/STM32F4xx_HAL_Driver/Src/stm32f4xx_hal_dma.d" -MT"Drivers/STM32F4xx_HAL_Driver/Src/stm32f4xx_hal_dma.o" --specs=nano.specs -mfpu=fpv4-sp-d16 -mfloat-abi=hard -mthumb -o "Drivers/STM32F4xx_HAL_Driver/Src/stm32f4xx_hal_dma.o"
arm-none-eabi-gcc "../Drivers/STM32F4xx_HAL_Driver/Src/stm32f4xx_hal_dma_ex.c" -mcpu=cortex-m4 -std=gnu11 -g3 -DDEBUG -DUSE_HAL_DRIVER -DSTM32F446xx -c -I../Core/Inc -I../Drivers/STM32F4xx_HAL_Driver/Inc -I../Drivers/STM32F4xx_HAL_Driver/Inc/Legacy -I../Drivers/CMSIS/Device/ST/STM32F4xx/Include -I../Drivers/CMSIS/Include -O0 -ffunction-sections -fdata-sections -Wall -fstack-usage -fcyclomatic-complexity -MMD -MP -MF"Drivers/STM32F4xx_HAL_Driver/Src/stm32f4xx_hal_dma_ex.d" -MT"Drivers/STM32F4xx_HAL_Driver/Src/stm32f4xx_hal_dma_ex.o" --specs=nano.specs -mfpu=fpv4-sp-d16 -mfloat-abi=hard -mthumb -o "Drivers/STM32F4xx_HAL_Driver/Src/stm32f4xx_hal_dma_ex.o"
arm-none-eabi-gcc "../Drivers/STM32F4xx_HAL_Driver/Src/stm32f4xx_hal_exti.c" -mcpu=cortex-m4 -std=gnu11 -g3 -DDEBUG -DUSE_HAL_DRIVER -DSTM32F446xx -c -I../Core/Inc -I../Drivers/STM32F4xx_HAL_Driver/Inc -I../Drivers/STM32F4xx_HAL_Driver/Inc/Legacy -I../Drivers/CMSIS/Device/ST/STM32F4xx/Include -I../Drivers/CMSIS/Include -O0 -ffunction-sections -fdata-sections -Wall -fstack-usage -fcyclomatic-complexity -MMD -MP -MF"Drivers/STM32F4xx_HAL_Driver/Src/stm32f4xx_hal_exti.d" -MT"Drivers/STM32F4xx_HAL_Driver/Src/stm32f4xx_hal_exti.o" --specs=nano.specs -mfpu=fpv4-sp-d16 -mfloat-abi=hard -mthumb -o "Drivers/STM32F4xx_HAL_Driver/Src/stm32f4xx_hal_exti.o"
arm-none-eabi-gcc "../Drivers/STM32F4xx_HAL_Driver/Src/stm32f4xx_hal_flash.c" -mcpu=cortex-m4 -std=gnu11 -g3 -DDEBUG -DUSE_HAL_DRIVER -DSTM32F446xx -c -I../Core/Inc -I../Drivers/STM32F4xx_HAL_Driver/Inc -I../Drivers/STM32F4xx_HAL_Driver/Inc/Legacy -I../Drivers/CMSIS/Device/ST/STM32F4xx/Include -I../Drivers/CMSIS/Include -O0 -ffunction-sections -fdata-sections -Wall -fstack-usage -fcyclomatic-complexity -MMD -MP -MF"Drivers/STM32F4xx_HAL_Driver/Src/stm32f4xx_hal_flash.d" -MT"Drivers/STM32F4xx_HAL_Driver/Src/stm32f4xx_hal_flash.o" --specs=nano.specs -mfpu=fpv4-sp-d16 -mfloat-abi=hard -mthumb -o "Drivers/STM32F4xx_HAL_Driver/Src/stm32f4xx_hal_flash.o"
arm-none-eabi-gcc "../Drivers/STM32F4xx_HAL_Driver/Src/stm32f4xx_hal_flash_ex.c" -mcpu=cortex-m4 -std=gnu11 -g3 -DDEBUG -DUSE_HAL_DRIVER -DSTM32F446xx -c -I../Core/Inc -I../Drivers/STM32F4xx_HAL_Driver/Inc -I../Drivers/STM32F4xx_HAL_Driver/Inc/Legacy -I../Drivers/CMSIS/Device/ST/STM32F4xx/Include -I../Drivers/CMSIS/Include -O0 -ffunction-sections -fdata-sections -Wall -fstack-usage -fcyclomatic-complexity -MMD -MP -MF"Drivers/STM32F4xx_HAL_Driver/Src/stm32f4xx_hal_flash_ex.d" -MT"Drivers/STM32F4xx_HAL_Driver/Src/stm32f4xx_hal_flash_ex.o" --specs=nano.specs -mfpu=fpv4-sp-d16 -mfloat-abi=hard -mthumb -o "Drivers/STM32F4xx_HAL_Driver/Src/stm32f4xx_hal_flash_ex.o"
arm-none-eabi-gcc "../Drivers/STM32F4xx_HAL_Driver/Src/stm32f4xx_hal_flash_ramfunc.c" -mcpu=cortex-m4 -std=gnu11 -g3 -DDEBUG -DUSE_HAL_DRIVER -DSTM32F446xx -c -I../Core/Inc -I../Drivers/STM32F4xx_HAL_Driver/Inc -I../Drivers/STM32F4xx_HAL_Driver/Inc/Legacy -I../Drivers/CMSIS/Device/ST/STM32F4xx/Include -I../Drivers/CMSIS/Include -O0 -ffunction-sections -fdata-sections -Wall -fstack-usage -fcyclomatic-complexity -MMD -MP -MF"Drivers/STM32F4xx_HAL_Driver/Src/stm32f4xx_hal_flash_ramfunc.d" -MT"Drivers/STM32F4xx_HAL_Driver/Src/stm32f4xx_hal_flash_ramfunc.o" --specs=nano.specs -mfpu=fpv4-sp-d16 -mfloat-abi=hard -mthumb -o "Drivers/STM32F4xx_HAL_Driver/Src/stm32f4xx_hal_flash_ramfunc.o"
arm-none-eabi-gcc "../Drivers/STM32F4xx_HAL_Driver/Src/stm32f4xx_hal_gpio.c" -mcpu=cortex-m4 -std=gnu11 -g3 -DDEBUG -DUSE_HAL_DRIVER -DSTM32F446xx -c -I../Core/Inc -I../Drivers/STM32F4xx_HAL_Driver/Inc -I../Drivers/STM32F4xx_HAL_Driver/Inc/Legacy -I../Drivers/CMSIS/Device/ST/STM32F4xx/Include -I../Drivers/CMSIS/Include -O0 -ffunction-sections -fdata-sections -Wall -fstack-usage -fcyclomatic-complexity -MMD -MP -MF"Drivers/STM32F4xx_HAL_Driver/Src/stm32f4xx_hal_gpio.d" -MT"Drivers/STM32F4xx_HAL_Driver/Src/stm32f4xx_hal_gpio.o" --specs=nano.specs -mfpu=fpv4-sp-d16 -mfloat-abi=hard -mthumb -o "Drivers/STM32F4xx_HAL_Driver/Src/stm32f4xx_hal_gpio.o"
arm-none-eabi-gcc "../Drivers/STM32F4xx_HAL_Driver/Src/stm32f4xx_hal_pwr.c" -mcpu=cortex-m4 -std=gnu11 -g3 -DDEBUG -DUSE_HAL_DRIVER -DSTM32F446xx -c -I../Core/Inc -I../Drivers/STM32F4xx_HAL_Driver/Inc -I../Drivers/STM32F4xx_HAL_Driver/Inc/Legacy -I../Drivers/CMSIS/Device/ST/STM32F4xx/Include -I../Drivers/CMSIS/Include -O0 -ffunction-sections -fdata-sections -Wall -fstack-usage -fcyclomatic-complexity -MMD -MP -MF"Drivers/STM32F4xx_HAL_Driver/Src/stm32f4xx_hal_pwr.d" -MT"Drivers/STM32F4xx_HAL_Driver/Src/stm32f4xx_hal_pwr.o" --specs=nano.specs -mfpu=fpv4-sp-d16 -mfloat-abi=hard -mthumb -o "Drivers/STM32F4xx_HAL_Driver/Src/stm32f4xx_hal_pwr.o"
arm-none-eabi-gcc "../Drivers/STM32F4xx_HAL_Driver/Src/stm32f4xx_hal_pwr_ex.c" -mcpu=cortex-m4 -std=gnu11 -g3 -DDEBUG -DUSE_HAL_DRIVER -DSTM32F446xx -c -I../Core/Inc -I../Drivers/STM32F4xx_HAL_Driver/Inc -I../Drivers/STM32F4xx_HAL_Driver/Inc/Legacy -I../Drivers/CMSIS/Device/ST/STM32F4xx/Include -I../Drivers/CMSIS/Include -O0 -ffunction-sections -fdata-sections -Wall -fstack-usage -fcyclomatic-complexity -MMD -MP -MF"Drivers/STM32F4xx_HAL_Driver/Src/stm32f4xx_hal_pwr_ex.d" -MT"Drivers/STM32F4xx_HAL_Driver/Src/stm32f4xx_hal_pwr_ex.o" --specs=nano.specs -mfpu=fpv4-sp-d16 -mfloat-abi=hard -mthumb -o "Drivers/STM32F4xx_HAL_Driver/Src/stm32f4xx_hal_pwr_ex.o"
arm-none-eabi-gcc "../Drivers/STM32F4xx_HAL_Driver/Src/stm32f4xx_hal_rcc.c" -mcpu=cortex-m4 -std=gnu11 -g3 -DDEBUG -DUSE_HAL_DRIVER -DSTM32F446xx -c -I../Core/Inc -I../Drivers/STM32F4xx_HAL_Driver/Inc -I../Drivers/STM32F4xx_HAL_Driver/Inc/Legacy -I../Drivers/CMSIS/Device/ST/STM32F4xx/Include -I../Drivers/CMSIS/Include -O0 -ffunction-sections -fdata-sections -Wall -fstack-usage -fcyclomatic-complexity -MMD -MP -MF"Drivers/STM32F4xx_HAL_Driver/Src/stm32f4xx_hal_rcc.d" -MT"Drivers/STM32F4xx_HAL_Driver/Src/stm32f4xx_hal_rcc.o" --specs=nano.specs -mfpu=fpv4-sp-d16 -mfloat-abi=hard -mthumb -o "Drivers/STM32F4xx_HAL_Driver/Src/stm32f4xx_hal_rcc.o"
arm-none-eabi-gcc "../Drivers/STM32F4xx_HAL_Driver/Src/stm32f4xx_hal_rcc_ex.c" -mcpu=cortex-m4 -std=gnu11 -g3 -DDEBUG -DUSE_HAL_DRIVER -DSTM32F446xx -c -I../Core/Inc -I../Drivers/STM32F4xx_HAL_Driver/Inc -I../Drivers/STM32F4xx_HAL_Driver/Inc/Legacy -I../Drivers/CMSIS/Device/ST/STM32F4xx/Include -I../Drivers/CMSIS/Include -O0 -ffunction-sections -fdata-sections -Wall -fstack-usage -fcyclomatic-complexity -MMD -MP -MF"Drivers/STM32F4xx_HAL_Driver/Src/stm32f4xx_hal_rcc_ex.d" -MT"Drivers/STM32F4xx_HAL_Driver/Src/stm32f4xx_hal_rcc_ex.o" --specs=nano.specs -mfpu=fpv4-sp-d16 -mfloat-abi=hard -mthumb -o "Drivers/STM32F4xx_HAL_Driver/Src/stm32f4xx_hal_rcc_ex.o"
arm-none-eabi-gcc "../Drivers/STM32F4xx_HAL_Driver/Src/stm32f4xx_hal_tim.c" -mcpu=cortex-m4 -std=gnu11 -g3 -DDEBUG -DUSE_HAL_DRIVER -DSTM32F446xx -c -I../Core/Inc -I../Drivers/STM32F4xx_HAL_Driver/Inc -I../Drivers/STM32F4xx_HAL_Driver/Inc/Legacy -I../Drivers/CMSIS/Device/ST/STM32F4xx/Include -I../Drivers/CMSIS/Include -O0 -ffunction-sections -fdata-sections -Wall -fstack-usage -fcyclomatic-complexity -MMD -MP -MF"Drivers/STM32F4xx_HAL_Driver/Src/stm32f4xx_hal_tim.d" -MT"Drivers/STM32F4xx_HAL_Driver/Src/stm32f4xx_hal_tim.o" --specs=nano.specs -mfpu=fpv4-sp-d16 -mfloat-abi=hard -mthumb -o "Drivers/STM32F4xx_HAL_Driver/Src/stm32f4xx_hal_tim.o"
arm-none-eabi-gcc "../Drivers/STM32F4xx_HAL_Driver/Src/stm32f4xx_hal_tim_ex.c" -mcpu=cortex-m4 -std=gnu11 -g3 -DDEBUG -DUSE_HAL_DRIVER -DSTM32F446xx -c -I../Core/Inc -I../Drivers/STM32F4xx_HAL_Driver/Inc -I../Drivers/STM32F4xx_HAL_Driver/Inc/Legacy -I../Drivers/CMSIS/Device/ST/STM32F4xx/Include -I../Drivers/CMSIS/Include -O0 -ffunction-sections -fdata-sections -Wall -fstack-usage -fcyclomatic-complexity -MMD -MP -MF"Drivers/STM32F4xx_HAL_Driver/Src/stm32f4xx_hal_tim_ex.d" -MT"Drivers/STM32F4xx_HAL_Driver/Src/stm32f4xx_hal_tim_ex.o" --specs=nano.specs -mfpu=fpv4-sp-d16 -mfloat-abi=hard -mthumb -o "Drivers/STM32F4xx_HAL_Driver/Src/stm32f4xx_hal_tim_ex.o"
arm-none-eabi-gcc "../Drivers/STM32F4xx_HAL_Driver/Src/stm32f4xx_hal_uart.c" -mcpu=cortex-m4 -std=gnu11 -g3 -DDEBUG -DUSE_HAL_DRIVER -DSTM32F446xx -c -I../Core/Inc -I../Drivers/STM32F4xx_HAL_Driver/Inc -I../Drivers/STM32F4xx_HAL_Driver/Inc/Legacy -I../Drivers/CMSIS/Device/ST/STM32F4xx/Include -I../Drivers/CMSIS/Include -O0 -ffunction-sections -fdata-sections -Wall -fstack-usage -fcyclomatic-complexity -MMD -MP -MF"Drivers/STM32F4xx_HAL_Driver/Src/stm32f4xx_hal_uart.d" -MT"Drivers/STM32F4xx_HAL_Driver/Src/stm32f4xx_hal_uart.o" --specs=nano.specs -mfpu=fpv4-sp-d16 -mfloat-abi=hard -mthumb -o "Drivers/STM32F4xx_HAL_Driver/Src/stm32f4xx_hal_uart.o"
arm-none-eabi-gcc -mcpu=cortex-m4 -g3 -DDEBUG -c -x assembler-with-cpp -MMD -MP -MF"Core/Startup/startup_stm32f446retx.d" -MT"Core/Startup/startup_stm32f446retx.o" --specs=nano.specs -mfpu=fpv4-sp-d16 -mfloat-abi=hard -mthumb -o "Core/Startup/startup_stm32f446retx.o" "../Core/Startup/startup_stm32f446retx.s"
arm-none-eabi-gcc "../Core/Src/STprintf.c" -mcpu=cortex-m4 -std=gnu11 -g3 -DDEBUG -DUSE_HAL_DRIVER -DSTM32F446xx -c -I../Core/Inc -I../Drivers/STM32F4xx_HAL_Driver/Inc -I../Drivers/STM32F4xx_HAL_Driver/Inc/Legacy -I../Drivers/CMSIS/Device/ST/STM32F4xx/Include -I../Drivers/CMSIS/Include -O0 -ffunction-sections -fdata-sections -Wall -fstack-usage -fcyclomatic-complexity -MMD -MP -MF"Core/Src/STprintf.d" -MT"Core/Src/STprintf.o" --specs=nano.specs -mfpu=fpv4-sp-d16 -mfloat-abi=hard -mthumb -o "Core/Src/STprintf.o"
arm-none-eabi-gcc "../Core/Src/main.c" -mcpu=cortex-m4 -std=gnu11 -g3 -DDEBUG -DUSE_HAL_DRIVER -DSTM32F446xx -c -I../Core/Inc -I../Drivers/STM32F4xx_HAL_Driver/Inc -I../Drivers/STM32F4xx_HAL_Driver/Inc/Legacy -I../Drivers/CMSIS/Device/ST/STM32F4xx/Include -I../Drivers/CMSIS/Include -O0 -ffunction-sections -fdata-sections -Wall -fstack-usage -fcyclomatic-complexity -MMD -MP -MF"Core/Src/main.d" -MT"Core/Src/main.o" --specs=nano.specs -mfpu=fpv4-sp-d16 -mfloat-abi=hard -mthumb -o "Core/Src/main.o"
arm-none-eabi-gcc "../Core/Src/stm32f4xx_hal_msp.c" -mcpu=cortex-m4 -std=gnu11 -g3 -DDEBUG -DUSE_HAL_DRIVER -DSTM32F446xx -c -I../Core/Inc -I../Drivers/STM32F4xx_HAL_Driver/Inc -I../Drivers/STM32F4xx_HAL_Driver/Inc/Legacy -I../Drivers/CMSIS/Device/ST/STM32F4xx/Include -I../Drivers/CMSIS/Include -O0 -ffunction-sections -fdata-sections -Wall -fstack-usage -fcyclomatic-complexity -MMD -MP -MF"Core/Src/stm32f4xx_hal_msp.d" -MT"Core/Src/stm32f4xx_hal_msp.o" --specs=nano.specs -mfpu=fpv4-sp-d16 -mfloat-abi=hard -mthumb -o "Core/Src/stm32f4xx_hal_msp.o"
arm-none-eabi-gcc "../Core/Src/stm32f4xx_it.c" -mcpu=cortex-m4 -std=gnu11 -g3 -DDEBUG -DUSE_HAL_DRIVER -DSTM32F446xx -c -I../Core/Inc -I../Drivers/STM32F4xx_HAL_Driver/Inc -I../Drivers/STM32F4xx_HAL_Driver/Inc/Legacy -I../Drivers/CMSIS/Device/ST/STM32F4xx/Include -I../Drivers/CMSIS/Include -O0 -ffunction-sections -fdata-sections -Wall -fstack-usage -fcyclomatic-complexity -MMD -MP -MF"Core/Src/stm32f4xx_it.d" -MT"Core/Src/stm32f4xx_it.o" --specs=nano.specs -mfpu=fpv4-sp-d16 -mfloat-abi=hard -mthumb -o "Core/Src/stm32f4xx_it.o"
arm-none-eabi-gcc "../Core/Src/syscalls.c" -mcpu=cortex-m4 -std=gnu11 -g3 -DDEBUG -DUSE_HAL_DRIVER -DSTM32F446xx -c -I../Core/Inc -I../Drivers/STM32F4xx_HAL_Driver/Inc -I../Drivers/STM32F4xx_HAL_Driver/Inc/Legacy -I../Drivers/CMSIS/Device/ST/STM32F4xx/Include -I../Drivers/CMSIS/Include -O0 -ffunction-sections -fdata-sections -Wall -fstack-usage -fcyclomatic-complexity -MMD -MP -MF"Core/Src/syscalls.d" -MT"Core/Src/syscalls.o" --specs=nano.specs -mfpu=fpv4-sp-d16 -mfloat-abi=hard -mthumb -o "Core/Src/syscalls.o"
arm-none-eabi-gcc "../Core/Src/sysmem.c" -mcpu=cortex-m4 -std=gnu11 -g3 -DDEBUG -DUSE_HAL_DRIVER -DSTM32F446xx -c -I../Core/Inc -I../Drivers/STM32F4xx_HAL_Driver/Inc -I../Drivers/STM32F4xx_HAL_Driver/Inc/Legacy -I../Drivers/CMSIS/Device/ST/STM32F4xx/Include -I../Drivers/CMSIS/Include -O0 -ffunction-sections -fdata-sections -Wall -fstack-usage -fcyclomatic-complexity -MMD -MP -MF"Core/Src/sysmem.d" -MT"Core/Src/sysmem.o" --specs=nano.specs -mfpu=fpv4-sp-d16 -mfloat-abi=hard -mthumb -o "Core/Src/sysmem.o"
arm-none-eabi-gcc "../Core/Src/system_stm32f4xx.c" -mcpu=cortex-m4 -std=gnu11 -g3 -DDEBUG -DUSE_HAL_DRIVER -DSTM32F446xx -c -I../Core/Inc -I../Drivers/STM32F4xx_HAL_Driver/Inc -I../Drivers/STM32F4xx_HAL_Driver/Inc/Legacy -I../Drivers/CMSIS/Device/ST/STM32F4xx/Include -I../Drivers/CMSIS/Include -O0 -ffunction-sections -fdata-sections -Wall -fstack-usage -fcyclomatic-complexity -MMD -MP -MF"Core/Src/system_stm32f4xx.d" -MT"Core/Src/system_stm32f4xx.o" --specs=nano.specs -mfpu=fpv4-sp-d16 -mfloat-abi=hard -mthumb -o "Core/Src/system_stm32f4xx.o"
arm-none-eabi-gcc -o "20250307_motor1.elf" @"objects.list"   -mcpu=cortex-m4 -T"D:\OneDrive - 独立行政法人 国立高等専門学校機構\github\development-F446RE\20250307_motor1\STM32F446RETX_FLASH.ld" --specs=nosys.specs -Wl,-Map="20250307_motor1.map" -Wl,--gc-sections -static --specs=nano.specs -mfpu=fpv4-sp-d16 -mfloat-abi=hard -mthumb -Wl,--start-group -lc -lm -Wl,--end-group
Finished building target: 20250307_motor1.elf
 
arm-none-eabi-size  20250307_motor1.elf 
arm-none-eabi-objdump -h -S 20250307_motor1.elf  > "20250307_motor1.list"
   text	   data	    bss	    dec	    hex	filename
  10460	     12	   1716	  12188	   2f9c	20250307_motor1.elf
Finished building: default.size.stdout
 
Finished building: 20250307_motor1.list
 
09:52:48 **** インクリメンタル・ビルド of configuration Debug for project 20250307_motor1 ****
make -j16 all 
arm-none-eabi-gcc "../Core/Src/main.c" -mcpu=cortex-m4 -std=gnu11 -g3 -DDEBUG -DUSE_HAL_DRIVER -DSTM32F446xx -c -I../Core/Inc -I../Drivers/STM32F4xx_HAL_Driver/Inc -I../Drivers/STM32F4xx_HAL_Driver/Inc/Legacy -I../Drivers/CMSIS/Device/ST/STM32F4xx/Include -I../Drivers/CMSIS/Include -O0 -ffunction-sections -fdata-sections -Wall -fstack-usage -fcyclomatic-complexity -MMD -MP -MF"Core/Src/main.d" -MT"Core/Src/main.o" --specs=nano.specs -mfpu=fpv4-sp-d16 -mfloat-abi=hard -mthumb -o "Core/Src/main.o"
../Core/Src/main.c: In function 'main':
../Core/Src/main.c:109:11: warning: implicit declaration of function 'printf' [-Wimplicit-function-declaration]
  109 |           printf("snct\r\n");
      |           ^~~~~~
../Core/Src/main.c:26:1: note: include '<stdio.h>' or provide a declaration of 'printf'
   25 | #include "STprintf.h"
  +++ |+#include <stdio.h>
   26 | 
../Core/Src/main.c:109:11: warning: incompatible implicit declaration of built-in function 'printf' [-Wbuiltin-declaration-mismatch]
  109 |           printf("snct\r\n");
      |           ^~~~~~
../Core/Src/main.c:109:11: note: include '<stdio.h>' or provide a declaration of 'printf'
arm-none-eabi-gcc -o "20250307_motor1.elf" @"objects.list"   -mcpu=cortex-m4 -T"D:\OneDrive - 独立行政法人 国立高等専門学校機構\github\development-F446RE\20250307_motor1\STM32F446RETX_FLASH.ld" --specs=nosys.specs -Wl,-Map="20250307_motor1.map" -Wl,--gc-sections -static --specs=nano.specs -mfpu=fpv4-sp-d16 -mfloat-abi=hard -mthumb -Wl,--start-group -lc -lm -Wl,--end-group
Finished building target: 20250307_motor1.elf
 
arm-none-eabi-size  20250307_motor1.elf 
arm-none-eabi-objdump -h -S 20250307_motor1.elf  > "20250307_motor1.list"
   text	   data	    bss	    dec	    hex	filename
  14196	    104	   2056	  16356	   3fe4	20250307_motor1.elf
Finished building: default.size.stdout
 
Finished building: 20250307_motor1.list
 
09:57:56 **** インクリメンタル・ビルド of configuration Debug for project 20250307_motor1 ****
make -j16 all 
arm-none-eabi-gcc "../Core/Src/main.c" -mcpu=cortex-m4 -std=gnu11 -g3 -DDEBUG -DUSE_HAL_DRIVER -DSTM32F446xx -c -I../Core/Inc -I../Drivers/STM32F4xx_HAL_Driver/Inc -I../Drivers/STM32F4xx_HAL_Driver/Inc/Legacy -I../Drivers/CMSIS/Device/ST/STM32F4xx/Include -I../Drivers/CMSIS/Include -O0 -ffunction-sections -fdata-sections -Wall -fstack-usage -fcyclomatic-complexity -MMD -MP -MF"Core/Src/main.d" -MT"Core/Src/main.o" --specs=nano.specs -mfpu=fpv4-sp-d16 -mfloat-abi=hard -mthumb -o "Core/Src/main.o"
arm-none-eabi-gcc -o "20250307_motor1.elf" @"objects.list"   -mcpu=cortex-m4 -T"D:\OneDrive - 独立行政法人 国立高等専門学校機構\github\development-F446RE\20250307_motor1\STM32F446RETX_FLASH.ld" --specs=nosys.specs -Wl,-Map="20250307_motor1.map" -Wl,--gc-sections -static --specs=nano.specs -mfpu=fpv4-sp-d16 -mfloat-abi=hard -mthumb -Wl,--start-group -lc -lm -Wl,--end-group
Finished building target: 20250307_motor1.elf
 
arm-none-eabi-size  20250307_motor1.elf 
arm-none-eabi-objdump -h -S 20250307_motor1.elf  > "20250307_motor1.list"
   text	   data	    bss	    dec	    hex	filename
  14032	    104	   2056	  16192	   3f40	20250307_motor1.elf
Finished building: default.size.stdout
 
Finished building: 20250307_motor1.list
 
10:01:34 **** インクリメンタル・ビルド of configuration Debug for project 20250307_motor1 ****
make -j16 all 
arm-none-eabi-gcc "../Core/Src/main.c" -mcpu=cortex-m4 -std=gnu11 -g3 -DDEBUG -DUSE_HAL_DRIVER -DSTM32F446xx -c -I../Core/Inc -I../Drivers/STM32F4xx_HAL_Driver/Inc -I../Drivers/STM32F4xx_HAL_Driver/Inc/Legacy -I../Drivers/CMSIS/Device/ST/STM32F4xx/Include -I../Drivers/CMSIS/Include -O0 -ffunction-sections -fdata-sections -Wall -fstack-usage -fcyclomatic-complexity -MMD -MP -MF"Core/Src/main.d" -MT"Core/Src/main.o" --specs=nano.specs -mfpu=fpv4-sp-d16 -mfloat-abi=hard -mthumb -o "Core/Src/main.o"
arm-none-eabi-gcc -o "20250307_motor1.elf" @"objects.list"   -mcpu=cortex-m4 -T"D:\OneDrive - 独立行政法人 国立高等専門学校機構\github\development-F446RE\20250307_motor1\STM32F446RETX_FLASH.ld" --specs=nosys.specs -Wl,-Map="20250307_motor1.map" -Wl,--gc-sections -static --specs=nano.specs -mfpu=fpv4-sp-d16 -mfloat-abi=hard -mthumb -Wl,--start-group -lc -lm -Wl,--end-group
Finished building target: 20250307_motor1.elf
 
arm-none-eabi-size  20250307_motor1.elf 
arm-none-eabi-objdump -h -S 20250307_motor1.elf  > "20250307_motor1.list"
   text	   data	    bss	    dec	    hex	filename
  14032	    104	   2056	  16192	   3f40	20250307_motor1.elf
Finished building: default.size.stdout
 
Finished building: 20250307_motor1.list
 
10:01:55 **** インクリメンタル・ビルド of configuration Debug for project 20250307_motor1 ****
make -j16 all 
arm-none-eabi-gcc "../Core/Src/main.c" -mcpu=cortex-m4 -std=gnu11 -g3 -DDEBUG -DUSE_HAL_DRIVER -DSTM32F446xx -c -I../Core/Inc -I../Drivers/STM32F4xx_HAL_Driver/Inc -I../Drivers/STM32F4xx_HAL_Driver/Inc/Legacy -I../Drivers/CMSIS/Device/ST/STM32F4xx/Include -I../Drivers/CMSIS/Include -O0 -ffunction-sections -fdata-sections -Wall -fstack-usage -fcyclomatic-complexity -MMD -MP -MF"Core/Src/main.d" -MT"Core/Src/main.o" --specs=nano.specs -mfpu=fpv4-sp-d16 -mfloat-abi=hard -mthumb -o "Core/Src/main.o"
arm-none-eabi-gcc -o "20250307_motor1.elf" @"objects.list"   -mcpu=cortex-m4 -T"D:\OneDrive - 独立行政法人 国立高等専門学校機構\github\development-F446RE\20250307_motor1\STM32F446RETX_FLASH.ld" --specs=nosys.specs -Wl,-Map="20250307_motor1.map" -Wl,--gc-sections -static --specs=nano.specs -mfpu=fpv4-sp-d16 -mfloat-abi=hard -mthumb -Wl,--start-group -lc -lm -Wl,--end-group
Finished building target: 20250307_motor1.elf
 
arm-none-eabi-size  20250307_motor1.elf 
arm-none-eabi-objdump -h -S 20250307_motor1.elf  > "20250307_motor1.list"
   text	   data	    bss	    dec	    hex	filename
  14032	    104	   2056	  16192	   3f40	20250307_motor1.elf
Finished building: default.size.stdout
 
Finished building: 20250307_motor1.list
 
10:14:01 **** インクリメンタル・ビルド of configuration Debug for project 20250307_motor1 ****
make -j16 all 
arm-none-eabi-gcc "../Core/Src/main.c" -mcpu=cortex-m4 -std=gnu11 -g3 -DDEBUG -DUSE_HAL_DRIVER -DSTM32F446xx -c -I../Core/Inc -I../Drivers/STM32F4xx_HAL_Driver/Inc -I../Drivers/STM32F4xx_HAL_Driver/Inc/Legacy -I../Drivers/CMSIS/Device/ST/STM32F4xx/Include -I../Drivers/CMSIS/Include -O0 -ffunction-sections -fdata-sections -Wall -fstack-usage -fcyclomatic-complexity -MMD -MP -MF"Core/Src/main.d" -MT"Core/Src/main.o" --specs=nano.specs -mfpu=fpv4-sp-d16 -mfloat-abi=hard -mthumb -o "Core/Src/main.o"
arm-none-eabi-gcc -o "20250307_motor1.elf" @"objects.list"   -mcpu=cortex-m4 -T"D:\OneDrive - 独立行政法人 国立高等専門学校機構\github\development-F446RE\20250307_motor1\STM32F446RETX_FLASH.ld" --specs=nosys.specs -Wl,-Map="20250307_motor1.map" -Wl,--gc-sections -static --specs=nano.specs -mfpu=fpv4-sp-d16 -mfloat-abi=hard -mthumb -Wl,--start-group -lc -lm -Wl,--end-group
Finished building target: 20250307_motor1.elf
 
arm-none-eabi-size  20250307_motor1.elf 
arm-none-eabi-objdump -h -S 20250307_motor1.elf  > "20250307_motor1.list"
   text	   data	    bss	    dec	    hex	filename
  14032	    104	   2056	  16192	   3f40	20250307_motor1.elf
Finished building: default.size.stdout
 
Finished building: 20250307_motor1.list
 
10:21:21 **** インクリメンタル・ビルド of configuration Debug for project 20250307_motor1 ****
make -j16 all 
arm-none-eabi-gcc "../Core/Src/main.c" -mcpu=cortex-m4 -std=gnu11 -g3 -DDEBUG -DUSE_HAL_DRIVER -DSTM32F446xx -c -I../Core/Inc -I../Drivers/STM32F4xx_HAL_Driver/Inc -I../Drivers/STM32F4xx_HAL_Driver/Inc/Legacy -I../Drivers/CMSIS/Device/ST/STM32F4xx/Include -I../Drivers/CMSIS/Include -O0 -ffunction-sections -fdata-sections -Wall -fstack-usage -fcyclomatic-complexity -MMD -MP -MF"Core/Src/main.d" -MT"Core/Src/main.o" --specs=nano.specs -mfpu=fpv4-sp-d16 -mfloat-abi=hard -mthumb -o "Core/Src/main.o"
arm-none-eabi-gcc -o "20250307_motor1.elf" @"objects.list"   -mcpu=cortex-m4 -T"D:\OneDrive - 独立行政法人 国立高等専門学校機構\github\development-F446RE\20250307_motor1\STM32F446RETX_FLASH.ld" --specs=nosys.specs -Wl,-Map="20250307_motor1.map" -Wl,--gc-sections -static --specs=nano.specs -mfpu=fpv4-sp-d16 -mfloat-abi=hard -mthumb -Wl,--start-group -lc -lm -Wl,--end-group
Finished building target: 20250307_motor1.elf
 
arm-none-eabi-size  20250307_motor1.elf 
arm-none-eabi-objdump -h -S 20250307_motor1.elf  > "20250307_motor1.list"
   text	   data	    bss	    dec	    hex	filename
  14160	    104	   2056	  16320	   3fc0	20250307_motor1.elf
Finished building: default.size.stdout
 
Finished building: 20250307_motor1.list
 
10:22:17 **** インクリメンタル・ビルド of configuration Debug for project 20250307_motor1 ****
make -j16 all 
arm-none-eabi-gcc "../Core/Src/main.c" -mcpu=cortex-m4 -std=gnu11 -g3 -DDEBUG -DUSE_HAL_DRIVER -DSTM32F446xx -c -I../Core/Inc -I../Drivers/STM32F4xx_HAL_Driver/Inc -I../Drivers/STM32F4xx_HAL_Driver/Inc/Legacy -I../Drivers/CMSIS/Device/ST/STM32F4xx/Include -I../Drivers/CMSIS/Include -O0 -ffunction-sections -fdata-sections -Wall -fstack-usage -fcyclomatic-complexity -MMD -MP -MF"Core/Src/main.d" -MT"Core/Src/main.o" --specs=nano.specs -mfpu=fpv4-sp-d16 -mfloat-abi=hard -mthumb -o "Core/Src/main.o"
../Core/Src/main.c: In function 'main':
../Core/Src/main.c:115:19: warning: implicit declaration of function 'printf' [-Wimplicit-function-declaration]
  115 |                   printf("%d\r\n",i);
      |                   ^~~~~~
../Core/Src/main.c:26:1: note: include '<stdio.h>' or provide a declaration of 'printf'
   25 | #include "STprintf.h"
  +++ |+#include <stdio.h>
   26 | 
../Core/Src/main.c:115:19: warning: incompatible implicit declaration of built-in function 'printf' [-Wbuiltin-declaration-mismatch]
  115 |                   printf("%d\r\n",i);
      |                   ^~~~~~
../Core/Src/main.c:115:19: note: include '<stdio.h>' or provide a declaration of 'printf'
../Core/Src/main.c:120:19: warning: incompatible implicit declaration of built-in function 'printf' [-Wbuiltin-declaration-mismatch]
  120 |                   printf("%d\r\n",i);
      |                   ^~~~~~
../Core/Src/main.c:120:19: note: include '<stdio.h>' or provide a declaration of 'printf'
../Core/Src/main.c:125:19: warning: incompatible implicit declaration of built-in function 'printf' [-Wbuiltin-declaration-mismatch]
  125 |                   printf("%d\r\n",i);
      |                   ^~~~~~
../Core/Src/main.c:125:19: note: include '<stdio.h>' or provide a declaration of 'printf'
../Core/Src/main.c:130:19: warning: incompatible implicit declaration of built-in function 'printf' [-Wbuiltin-declaration-mismatch]
  130 |                   printf("%d\r\n",i);
      |                   ^~~~~~
../Core/Src/main.c:130:19: note: include '<stdio.h>' or provide a declaration of 'printf'
arm-none-eabi-gcc -o "20250307_motor1.elf" @"objects.list"   -mcpu=cortex-m4 -T"D:\OneDrive - 独立行政法人 国立高等専門学校機構\github\development-F446RE\20250307_motor1\STM32F446RETX_FLASH.ld" --specs=nosys.specs -Wl,-Map="20250307_motor1.map" -Wl,--gc-sections -static --specs=nano.specs -mfpu=fpv4-sp-d16 -mfloat-abi=hard -mthumb -Wl,--start-group -lc -lm -Wl,--end-group
Finished building target: 20250307_motor1.elf
 
arm-none-eabi-size  20250307_motor1.elf 
arm-none-eabi-objdump -h -S 20250307_motor1.elf  > "20250307_motor1.list"
   text	   data	    bss	    dec	    hex	filename
  16356	    104	   2056	  18516	   4854	20250307_motor1.elf
Finished building: default.size.stdout
 
Finished building: 20250307_motor1.list
 
10:22:48 **** インクリメンタル・ビルド of configuration Debug for project 20250307_motor1 ****
make -j16 all 
arm-none-eabi-gcc "../Core/Src/main.c" -mcpu=cortex-m4 -std=gnu11 -g3 -DDEBUG -DUSE_HAL_DRIVER -DSTM32F446xx -c -I../Core/Inc -I../Drivers/STM32F4xx_HAL_Driver/Inc -I../Drivers/STM32F4xx_HAL_Driver/Inc/Legacy -I../Drivers/CMSIS/Device/ST/STM32F4xx/Include -I../Drivers/CMSIS/Include -O0 -ffunction-sections -fdata-sections -Wall -fstack-usage -fcyclomatic-complexity -MMD -MP -MF"Core/Src/main.d" -MT"Core/Src/main.o" --specs=nano.specs -mfpu=fpv4-sp-d16 -mfloat-abi=hard -mthumb -o "Core/Src/main.o"
../Core/Src/main.c: In function 'main':
../Core/Src/main.c:115:19: warning: implicit declaration of function 'printf' [-Wimplicit-function-declaration]
  115 |                   printf("%d\r\n",i);
      |                   ^~~~~~
../Core/Src/main.c:26:1: note: include '<stdio.h>' or provide a declaration of 'printf'
   25 | #include "STprintf.h"
  +++ |+#include <stdio.h>
   26 | 
../Core/Src/main.c:115:19: warning: incompatible implicit declaration of built-in function 'printf' [-Wbuiltin-declaration-mismatch]
  115 |                   printf("%d\r\n",i);
      |                   ^~~~~~
../Core/Src/main.c:115:19: note: include '<stdio.h>' or provide a declaration of 'printf'
../Core/Src/main.c:121:19: warning: incompatible implicit declaration of built-in function 'printf' [-Wbuiltin-declaration-mismatch]
  121 |                   printf("%d\r\n",i);
      |                   ^~~~~~
../Core/Src/main.c:121:19: note: include '<stdio.h>' or provide a declaration of 'printf'
../Core/Src/main.c:127:19: warning: incompatible implicit declaration of built-in function 'printf' [-Wbuiltin-declaration-mismatch]
  127 |                   printf("%d\r\n",i);
      |                   ^~~~~~
../Core/Src/main.c:127:19: note: include '<stdio.h>' or provide a declaration of 'printf'
../Core/Src/main.c:133:19: warning: incompatible implicit declaration of built-in function 'printf' [-Wbuiltin-declaration-mismatch]
  133 |                   printf("%d\r\n",i);
      |                   ^~~~~~
../Core/Src/main.c:133:19: note: include '<stdio.h>' or provide a declaration of 'printf'
arm-none-eabi-gcc -o "20250307_motor1.elf" @"objects.list"   -mcpu=cortex-m4 -T"D:\OneDrive - 独立行政法人 国立高等専門学校機構\github\development-F446RE\20250307_motor1\STM32F446RETX_FLASH.ld" --specs=nosys.specs -Wl,-Map="20250307_motor1.map" -Wl,--gc-sections -static --specs=nano.specs -mfpu=fpv4-sp-d16 -mfloat-abi=hard -mthumb -Wl,--start-group -lc -lm -Wl,--end-group
Finished building target: 20250307_motor1.elf
 
arm-none-eabi-size  20250307_motor1.elf 
arm-none-eabi-objdump -h -S 20250307_motor1.elf  > "20250307_motor1.list"
   text	   data	    bss	    dec	    hex	filename
  16452	    104	   2056	  18612	   48b4	20250307_motor1.elf
Finished building: default.size.stdout
 
Finished building: 20250307_motor1.list
 
10:41:26 **** インクリメンタル・ビルド of configuration Debug for project 20250307_motor1 ****
make -j16 all 
arm-none-eabi-gcc "../Core/Src/main.c" -mcpu=cortex-m4 -std=gnu11 -g3 -DDEBUG -DUSE_HAL_DRIVER -DSTM32F446xx -c -I../Core/Inc -I../Drivers/STM32F4xx_HAL_Driver/Inc -I../Drivers/STM32F4xx_HAL_Driver/Inc/Legacy -I../Drivers/CMSIS/Device/ST/STM32F4xx/Include -I../Drivers/CMSIS/Include -O0 -ffunction-sections -fdata-sections -Wall -fstack-usage -fcyclomatic-complexity -MMD -MP -MF"Core/Src/main.d" -MT"Core/Src/main.o" --specs=nano.specs -mfpu=fpv4-sp-d16 -mfloat-abi=hard -mthumb -o "Core/Src/main.o"
../Core/Src/main.c: In function 'main':
../Core/Src/main.c:115:19: warning: implicit declaration of function 'printf' [-Wimplicit-function-declaration]
  115 |                   printf("%d\r\n",i);
      |                   ^~~~~~
../Core/Src/main.c:26:1: note: include '<stdio.h>' or provide a declaration of 'printf'
   25 | #include "STprintf.h"
  +++ |+#include <stdio.h>
   26 | 
../Core/Src/main.c:115:19: warning: incompatible implicit declaration of built-in function 'printf' [-Wbuiltin-declaration-mismatch]
  115 |                   printf("%d\r\n",i);
      |                   ^~~~~~
../Core/Src/main.c:115:19: note: include '<stdio.h>' or provide a declaration of 'printf'
../Core/Src/main.c:121:19: warning: incompatible implicit declaration of built-in function 'printf' [-Wbuiltin-declaration-mismatch]
  121 |                   printf("%d\r\n",i);
      |                   ^~~~~~
../Core/Src/main.c:121:19: note: include '<stdio.h>' or provide a declaration of 'printf'
../Core/Src/main.c:127:19: warning: incompatible implicit declaration of built-in function 'printf' [-Wbuiltin-declaration-mismatch]
  127 |                   printf("%d\r\n",i);
      |                   ^~~~~~
../Core/Src/main.c:127:19: note: include '<stdio.h>' or provide a declaration of 'printf'
../Core/Src/main.c:133:19: warning: incompatible implicit declaration of built-in function 'printf' [-Wbuiltin-declaration-mismatch]
  133 |                   printf("%d\r\n",i);
      |                   ^~~~~~
../Core/Src/main.c:133:19: note: include '<stdio.h>' or provide a declaration of 'printf'
arm-none-eabi-gcc -o "20250307_motor1.elf" @"objects.list"   -mcpu=cortex-m4 -T"D:\OneDrive - 独立行政法人 国立高等専門学校機構\github\development-F446RE\20250307_motor1\STM32F446RETX_FLASH.ld" --specs=nosys.specs -Wl,-Map="20250307_motor1.map" -Wl,--gc-sections -static --specs=nano.specs -mfpu=fpv4-sp-d16 -mfloat-abi=hard -mthumb -Wl,--start-group -lc -lm -Wl,--end-group
Finished building target: 20250307_motor1.elf
 
arm-none-eabi-size  20250307_motor1.elf 
arm-none-eabi-objdump -h -S 20250307_motor1.elf  > "20250307_motor1.list"
   text	   data	    bss	    dec	    hex	filename
  16468	    104	   2056	  18628	   48c4	20250307_motor1.elf
Finished building: default.size.stdout
 
Finished building: 20250307_motor1.list
 
10:58:36 **** インクリメンタル・ビルド of configuration Debug for project 20250307_motor1 ****
make -j16 all 
arm-none-eabi-gcc "../Core/Src/main.c" -mcpu=cortex-m4 -std=gnu11 -g3 -DDEBUG -DUSE_HAL_DRIVER -DSTM32F446xx -c -I../Core/Inc -I../Drivers/STM32F4xx_HAL_Driver/Inc -I../Drivers/STM32F4xx_HAL_Driver/Inc/Legacy -I../Drivers/CMSIS/Device/ST/STM32F4xx/Include -I../Drivers/CMSIS/Include -O0 -ffunction-sections -fdata-sections -Wall -fstack-usage -fcyclomatic-complexity -MMD -MP -MF"Core/Src/main.d" -MT"Core/Src/main.o" --specs=nano.specs -mfpu=fpv4-sp-d16 -mfloat-abi=hard -mthumb -o "Core/Src/main.o"
../Core/Src/main.c: In function 'main':
../Core/Src/main.c:115:19: warning: implicit declaration of function 'printf' [-Wimplicit-function-declaration]
  115 |                   printf("%d\r\n",i);
      |                   ^~~~~~
../Core/Src/main.c:26:1: note: include '<stdio.h>' or provide a declaration of 'printf'
   25 | #include "STprintf.h"
  +++ |+#include <stdio.h>
   26 | 
../Core/Src/main.c:115:19: warning: incompatible implicit declaration of built-in function 'printf' [-Wbuiltin-declaration-mismatch]
  115 |                   printf("%d\r\n",i);
      |                   ^~~~~~
../Core/Src/main.c:115:19: note: include '<stdio.h>' or provide a declaration of 'printf'
../Core/Src/main.c:121:19: warning: incompatible implicit declaration of built-in function 'printf' [-Wbuiltin-declaration-mismatch]
  121 |                   printf("%d\r\n",i);
      |                   ^~~~~~
../Core/Src/main.c:121:19: note: include '<stdio.h>' or provide a declaration of 'printf'
../Core/Src/main.c:127:19: warning: incompatible implicit declaration of built-in function 'printf' [-Wbuiltin-declaration-mismatch]
  127 |                   printf("%d\r\n",i);
      |                   ^~~~~~
../Core/Src/main.c:127:19: note: include '<stdio.h>' or provide a declaration of 'printf'
../Core/Src/main.c:133:19: warning: incompatible implicit declaration of built-in function 'printf' [-Wbuiltin-declaration-mismatch]
  133 |                   printf("%d\r\n",i);
      |                   ^~~~~~
../Core/Src/main.c:133:19: note: include '<stdio.h>' or provide a declaration of 'printf'
arm-none-eabi-gcc -o "20250307_motor1.elf" @"objects.list"   -mcpu=cortex-m4 -T"D:\OneDrive - 独立行政法人 国立高等専門学校機構\github\development-F446RE\20250307_motor1\STM32F446RETX_FLASH.ld" --specs=nosys.specs -Wl,-Map="20250307_motor1.map" -Wl,--gc-sections -static --specs=nano.specs -mfpu=fpv4-sp-d16 -mfloat-abi=hard -mthumb -Wl,--start-group -lc -lm -Wl,--end-group
Finished building target: 20250307_motor1.elf
 
arm-none-eabi-size  20250307_motor1.elf 
arm-none-eabi-objdump -h -S 20250307_motor1.elf  > "20250307_motor1.list"
   text	   data	    bss	    dec	    hex	filename
  16452	    104	   2056	  18612	   48b4	20250307_motor1.elf
Finished building: default.size.stdout
 
Finished building: 20250307_motor1.list
 
11:44:15 **** インクリメンタル・ビルド of configuration Debug for project 20250307_motor1 ****
make -j16 all 
arm-none-eabi-gcc "../Core/Src/main.c" -mcpu=cortex-m4 -std=gnu11 -g3 -DDEBUG -DUSE_HAL_DRIVER -DSTM32F446xx -c -I../Core/Inc -I../Drivers/STM32F4xx_HAL_Driver/Inc -I../Drivers/STM32F4xx_HAL_Driver/Inc/Legacy -I../Drivers/CMSIS/Device/ST/STM32F4xx/Include -I../Drivers/CMSIS/Include -O0 -ffunction-sections -fdata-sections -Wall -fstack-usage -fcyclomatic-complexity -MMD -MP -MF"Core/Src/main.d" -MT"Core/Src/main.o" --specs=nano.specs -mfpu=fpv4-sp-d16 -mfloat-abi=hard -mthumb -o "Core/Src/main.o"
../Core/Src/main.c: In function 'main':
../Core/Src/main.c:115:19: warning: implicit declaration of function 'printf' [-Wimplicit-function-declaration]
  115 |                   printf("%d\r\n",i);
      |                   ^~~~~~
../Core/Src/main.c:26:1: note: include '<stdio.h>' or provide a declaration of 'printf'
   25 | #include "STprintf.h"
  +++ |+#include <stdio.h>
   26 | 
../Core/Src/main.c:115:19: warning: incompatible implicit declaration of built-in function 'printf' [-Wbuiltin-declaration-mismatch]
  115 |                   printf("%d\r\n",i);
      |                   ^~~~~~
../Core/Src/main.c:115:19: note: include '<stdio.h>' or provide a declaration of 'printf'
../Core/Src/main.c:121:19: warning: incompatible implicit declaration of built-in function 'printf' [-Wbuiltin-declaration-mismatch]
  121 |                   printf("%d\r\n",i);
      |                   ^~~~~~
../Core/Src/main.c:121:19: note: include '<stdio.h>' or provide a declaration of 'printf'
../Core/Src/main.c:127:19: warning: incompatible implicit declaration of built-in function 'printf' [-Wbuiltin-declaration-mismatch]
  127 |                   printf("%d\r\n",i);
      |                   ^~~~~~
../Core/Src/main.c:127:19: note: include '<stdio.h>' or provide a declaration of 'printf'
../Core/Src/main.c:133:19: warning: incompatible implicit declaration of built-in function 'printf' [-Wbuiltin-declaration-mismatch]
  133 |                   printf("%d\r\n",i);
      |                   ^~~~~~
../Core/Src/main.c:133:19: note: include '<stdio.h>' or provide a declaration of 'printf'
arm-none-eabi-gcc -o "20250307_motor1.elf" @"objects.list"   -mcpu=cortex-m4 -T"D:\OneDrive - 独立行政法人 国立高等専門学校機構\github\development-F446RE\20250307_motor1\STM32F446RETX_FLASH.ld" --specs=nosys.specs -Wl,-Map="20250307_motor1.map" -Wl,--gc-sections -static --specs=nano.specs -mfpu=fpv4-sp-d16 -mfloat-abi=hard -mthumb -Wl,--start-group -lc -lm -Wl,--end-group
Finished building target: 20250307_motor1.elf
 
arm-none-eabi-size  20250307_motor1.elf 
arm-none-eabi-objdump -h -S 20250307_motor1.elf  > "20250307_motor1.list"
   text	   data	    bss	    dec	    hex	filename
  16452	    104	   2056	  18612	   48b4	20250307_motor1.elf
Finished building: default.size.stdout
 
Finished building: 20250307_motor1.list
 
11:45:21 **** インクリメンタル・ビルド of configuration Debug for project 20250307_motor1 ****
make -j16 all 
arm-none-eabi-gcc "../Core/Src/main.c" -mcpu=cortex-m4 -std=gnu11 -g3 -DDEBUG -DUSE_HAL_DRIVER -DSTM32F446xx -c -I../Core/Inc -I../Drivers/STM32F4xx_HAL_Driver/Inc -I../Drivers/STM32F4xx_HAL_Driver/Inc/Legacy -I../Drivers/CMSIS/Device/ST/STM32F4xx/Include -I../Drivers/CMSIS/Include -O0 -ffunction-sections -fdata-sections -Wall -fstack-usage -fcyclomatic-complexity -MMD -MP -MF"Core/Src/main.d" -MT"Core/Src/main.o" --specs=nano.specs -mfpu=fpv4-sp-d16 -mfloat-abi=hard -mthumb -o "Core/Src/main.o"
../Core/Src/main.c: In function 'main':
../Core/Src/main.c:115:19: warning: implicit declaration of function 'printf' [-Wimplicit-function-declaration]
  115 |                   printf("%d\r\n",i);
      |                   ^~~~~~
../Core/Src/main.c:26:1: note: include '<stdio.h>' or provide a declaration of 'printf'
   25 | #include "STprintf.h"
  +++ |+#include <stdio.h>
   26 | 
../Core/Src/main.c:115:19: warning: incompatible implicit declaration of built-in function 'printf' [-Wbuiltin-declaration-mismatch]
  115 |                   printf("%d\r\n",i);
      |                   ^~~~~~
../Core/Src/main.c:115:19: note: include '<stdio.h>' or provide a declaration of 'printf'
../Core/Src/main.c:121:19: warning: incompatible implicit declaration of built-in function 'printf' [-Wbuiltin-declaration-mismatch]
  121 |                   printf("%d\r\n",i);
      |                   ^~~~~~
../Core/Src/main.c:121:19: note: include '<stdio.h>' or provide a declaration of 'printf'
arm-none-eabi-gcc -o "20250307_motor1.elf" @"objects.list"   -mcpu=cortex-m4 -T"D:\OneDrive - 独立行政法人 国立高等専門学校機構\github\development-F446RE\20250307_motor1\STM32F446RETX_FLASH.ld" --specs=nosys.specs -Wl,-Map="20250307_motor1.map" -Wl,--gc-sections -static --specs=nano.specs -mfpu=fpv4-sp-d16 -mfloat-abi=hard -mthumb -Wl,--start-group -lc -lm -Wl,--end-group
Finished building target: 20250307_motor1.elf
 
arm-none-eabi-size  20250307_motor1.elf 
arm-none-eabi-objdump -h -S 20250307_motor1.elf  > "20250307_motor1.list"
   text	   data	    bss	    dec	    hex	filename
  16352	    104	   2056	  18512	   4850	20250307_motor1.elf
Finished building: default.size.stdout
 
Finished building: 20250307_motor1.list
 
11:46:11 **** インクリメンタル・ビルド of configuration Debug for project 20250307_motor1 ****
make -j16 all 
arm-none-eabi-gcc "../Core/Src/main.c" -mcpu=cortex-m4 -std=gnu11 -g3 -DDEBUG -DUSE_HAL_DRIVER -DSTM32F446xx -c -I../Core/Inc -I../Drivers/STM32F4xx_HAL_Driver/Inc -I../Drivers/STM32F4xx_HAL_Driver/Inc/Legacy -I../Drivers/CMSIS/Device/ST/STM32F4xx/Include -I../Drivers/CMSIS/Include -O0 -ffunction-sections -fdata-sections -Wall -fstack-usage -fcyclomatic-complexity -MMD -MP -MF"Core/Src/main.d" -MT"Core/Src/main.o" --specs=nano.specs -mfpu=fpv4-sp-d16 -mfloat-abi=hard -mthumb -o "Core/Src/main.o"
../Core/Src/main.c: In function 'main':
../Core/Src/main.c:127:19: warning: implicit declaration of function 'printf' [-Wimplicit-function-declaration]
  127 |                   printf("%d\r\n",i);
      |                   ^~~~~~
../Core/Src/main.c:26:1: note: include '<stdio.h>' or provide a declaration of 'printf'
   25 | #include "STprintf.h"
  +++ |+#include <stdio.h>
   26 | 
../Core/Src/main.c:127:19: warning: incompatible implicit declaration of built-in function 'printf' [-Wbuiltin-declaration-mismatch]
  127 |                   printf("%d\r\n",i);
      |                   ^~~~~~
../Core/Src/main.c:127:19: note: include '<stdio.h>' or provide a declaration of 'printf'
../Core/Src/main.c:133:19: warning: incompatible implicit declaration of built-in function 'printf' [-Wbuiltin-declaration-mismatch]
  133 |                   printf("%d\r\n",i);
      |                   ^~~~~~
../Core/Src/main.c:133:19: note: include '<stdio.h>' or provide a declaration of 'printf'
arm-none-eabi-gcc -o "20250307_motor1.elf" @"objects.list"   -mcpu=cortex-m4 -T"D:\OneDrive - 独立行政法人 国立高等専門学校機構\github\development-F446RE\20250307_motor1\STM32F446RETX_FLASH.ld" --specs=nosys.specs -Wl,-Map="20250307_motor1.map" -Wl,--gc-sections -static --specs=nano.specs -mfpu=fpv4-sp-d16 -mfloat-abi=hard -mthumb -Wl,--start-group -lc -lm -Wl,--end-group
Finished building target: 20250307_motor1.elf
 
arm-none-eabi-size  20250307_motor1.elf 
arm-none-eabi-objdump -h -S 20250307_motor1.elf  > "20250307_motor1.list"
   text	   data	    bss	    dec	    hex	filename
  16352	    104	   2056	  18512	   4850	20250307_motor1.elf
Finished building: default.size.stdout
 
Finished building: 20250307_motor1.list
 
11:48:02 **** インクリメンタル・ビルド of configuration Debug for project 20250307_motor1 ****
make -j16 all 
arm-none-eabi-gcc "../Core/Src/main.c" -mcpu=cortex-m4 -std=gnu11 -g3 -DDEBUG -DUSE_HAL_DRIVER -DSTM32F446xx -c -I../Core/Inc -I../Drivers/STM32F4xx_HAL_Driver/Inc -I../Drivers/STM32F4xx_HAL_Driver/Inc/Legacy -I../Drivers/CMSIS/Device/ST/STM32F4xx/Include -I../Drivers/CMSIS/Include -O0 -ffunction-sections -fdata-sections -Wall -fstack-usage -fcyclomatic-complexity -MMD -MP -MF"Core/Src/main.d" -MT"Core/Src/main.o" --specs=nano.specs -mfpu=fpv4-sp-d16 -mfloat-abi=hard -mthumb -o "Core/Src/main.o"
../Core/Src/main.c: In function 'main':
../Core/Src/main.c:115:19: warning: implicit declaration of function 'printf' [-Wimplicit-function-declaration]
  115 |                   printf("%d\r\n",i);
      |                   ^~~~~~
../Core/Src/main.c:26:1: note: include '<stdio.h>' or provide a declaration of 'printf'
   25 | #include "STprintf.h"
  +++ |+#include <stdio.h>
   26 | 
../Core/Src/main.c:115:19: warning: incompatible implicit declaration of built-in function 'printf' [-Wbuiltin-declaration-mismatch]
  115 |                   printf("%d\r\n",i);
      |                   ^~~~~~
../Core/Src/main.c:115:19: note: include '<stdio.h>' or provide a declaration of 'printf'
../Core/Src/main.c:121:19: warning: incompatible implicit declaration of built-in function 'printf' [-Wbuiltin-declaration-mismatch]
  121 |                   printf("%d\r\n",i);
      |                   ^~~~~~
../Core/Src/main.c:121:19: note: include '<stdio.h>' or provide a declaration of 'printf'
../Core/Src/main.c:127:19: warning: incompatible implicit declaration of built-in function 'printf' [-Wbuiltin-declaration-mismatch]
  127 |                   printf("%d\r\n",i);
      |                   ^~~~~~
../Core/Src/main.c:127:19: note: include '<stdio.h>' or provide a declaration of 'printf'
../Core/Src/main.c:133:19: warning: incompatible implicit declaration of built-in function 'printf' [-Wbuiltin-declaration-mismatch]
  133 |                   printf("%d\r\n",i);
      |                   ^~~~~~
../Core/Src/main.c:133:19: note: include '<stdio.h>' or provide a declaration of 'printf'
arm-none-eabi-gcc -o "20250307_motor1.elf" @"objects.list"   -mcpu=cortex-m4 -T"D:\OneDrive - 独立行政法人 国立高等専門学校機構\github\development-F446RE\20250307_motor1\STM32F446RETX_FLASH.ld" --specs=nosys.specs -Wl,-Map="20250307_motor1.map" -Wl,--gc-sections -static --specs=nano.specs -mfpu=fpv4-sp-d16 -mfloat-abi=hard -mthumb -Wl,--start-group -lc -lm -Wl,--end-group
Finished building target: 20250307_motor1.elf
 
arm-none-eabi-size  20250307_motor1.elf 
arm-none-eabi-objdump -h -S 20250307_motor1.elf  > "20250307_motor1.list"
   text	   data	    bss	    dec	    hex	filename
  16468	    104	   2056	  18628	   48c4	20250307_motor1.elf
Finished building: default.size.stdout
 
Finished building: 20250307_motor1.list
 
11:51:57 **** インクリメンタル・ビルド of configuration Debug for project 20250307_motor1 ****
make -j16 all 
arm-none-eabi-gcc "../Core/Src/main.c" -mcpu=cortex-m4 -std=gnu11 -g3 -DDEBUG -DUSE_HAL_DRIVER -DSTM32F446xx -c -I../Core/Inc -I../Drivers/STM32F4xx_HAL_Driver/Inc -I../Drivers/STM32F4xx_HAL_Driver/Inc/Legacy -I../Drivers/CMSIS/Device/ST/STM32F4xx/Include -I../Drivers/CMSIS/Include -O0 -ffunction-sections -fdata-sections -Wall -fstack-usage -fcyclomatic-complexity -MMD -MP -MF"Core/Src/main.d" -MT"Core/Src/main.o" --specs=nano.specs -mfpu=fpv4-sp-d16 -mfloat-abi=hard -mthumb -o "Core/Src/main.o"
../Core/Src/main.c: In function 'main':
../Core/Src/main.c:115:19: warning: implicit declaration of function 'printf' [-Wimplicit-function-declaration]
  115 |                   printf("1 %d\r\n",i);
      |                   ^~~~~~
../Core/Src/main.c:26:1: note: include '<stdio.h>' or provide a declaration of 'printf'
   25 | #include "STprintf.h"
  +++ |+#include <stdio.h>
   26 | 
../Core/Src/main.c:115:19: warning: incompatible implicit declaration of built-in function 'printf' [-Wbuiltin-declaration-mismatch]
  115 |                   printf("1 %d\r\n",i);
      |                   ^~~~~~
../Core/Src/main.c:115:19: note: include '<stdio.h>' or provide a declaration of 'printf'
../Core/Src/main.c:121:19: warning: incompatible implicit declaration of built-in function 'printf' [-Wbuiltin-declaration-mismatch]
  121 |                   printf("1 %d\r\n",i);
      |                   ^~~~~~
../Core/Src/main.c:121:19: note: include '<stdio.h>' or provide a declaration of 'printf'
../Core/Src/main.c:127:19: warning: incompatible implicit declaration of built-in function 'printf' [-Wbuiltin-declaration-mismatch]
  127 |                   printf("0 %d\r\n",i);
      |                   ^~~~~~
../Core/Src/main.c:127:19: note: include '<stdio.h>' or provide a declaration of 'printf'
../Core/Src/main.c:133:19: warning: incompatible implicit declaration of built-in function 'printf' [-Wbuiltin-declaration-mismatch]
  133 |                   printf("0 %d\r\n",i);
      |                   ^~~~~~
../Core/Src/main.c:133:19: note: include '<stdio.h>' or provide a declaration of 'printf'
arm-none-eabi-gcc -o "20250307_motor1.elf" @"objects.list"   -mcpu=cortex-m4 -T"D:\OneDrive - 独立行政法人 国立高等専門学校機構\github\development-F446RE\20250307_motor1\STM32F446RETX_FLASH.ld" --specs=nosys.specs -Wl,-Map="20250307_motor1.map" -Wl,--gc-sections -static --specs=nano.specs -mfpu=fpv4-sp-d16 -mfloat-abi=hard -mthumb -Wl,--start-group -lc -lm -Wl,--end-group
Finished building target: 20250307_motor1.elf
 
arm-none-eabi-size  20250307_motor1.elf 
arm-none-eabi-objdump -h -S 20250307_motor1.elf  > "20250307_motor1.list"
   text	   data	    bss	    dec	    hex	filename
  16480	    104	   2056	  18640	   48d0	20250307_motor1.elf
Finished building: default.size.stdout
 
Finished building: 20250307_motor1.list
 
12:00:49 **** インクリメンタル・ビルド of configuration Debug for project 20250307_motor1 ****
make -j16 all 
arm-none-eabi-gcc "../Core/Src/main.c" -mcpu=cortex-m4 -std=gnu11 -g3 -DDEBUG -DUSE_HAL_DRIVER -DSTM32F446xx -c -I../Core/Inc -I../Drivers/STM32F4xx_HAL_Driver/Inc -I../Drivers/STM32F4xx_HAL_Driver/Inc/Legacy -I../Drivers/CMSIS/Device/ST/STM32F4xx/Include -I../Drivers/CMSIS/Include -O0 -ffunction-sections -fdata-sections -Wall -fstack-usage -fcyclomatic-complexity -MMD -MP -MF"Core/Src/main.d" -MT"Core/Src/main.o" --specs=nano.specs -mfpu=fpv4-sp-d16 -mfloat-abi=hard -mthumb -o "Core/Src/main.o"
../Core/Src/main.c: In function 'main':
../Core/Src/main.c:115:19: warning: implicit declaration of function 'printf' [-Wimplicit-function-declaration]
  115 |                   printf("1 %d\r\n",i);
      |                   ^~~~~~
../Core/Src/main.c:26:1: note: include '<stdio.h>' or provide a declaration of 'printf'
   25 | #include "STprintf.h"
  +++ |+#include <stdio.h>
   26 | 
../Core/Src/main.c:115:19: warning: incompatible implicit declaration of built-in function 'printf' [-Wbuiltin-declaration-mismatch]
  115 |                   printf("1 %d\r\n",i);
      |                   ^~~~~~
../Core/Src/main.c:115:19: note: include '<stdio.h>' or provide a declaration of 'printf'
../Core/Src/main.c:121:19: warning: incompatible implicit declaration of built-in function 'printf' [-Wbuiltin-declaration-mismatch]
  121 |                   printf("1 %d\r\n",i);
      |                   ^~~~~~
../Core/Src/main.c:121:19: note: include '<stdio.h>' or provide a declaration of 'printf'
../Core/Src/main.c:127:19: warning: incompatible implicit declaration of built-in function 'printf' [-Wbuiltin-declaration-mismatch]
  127 |                   printf("0 %d\r\n",i);
      |                   ^~~~~~
../Core/Src/main.c:127:19: note: include '<stdio.h>' or provide a declaration of 'printf'
../Core/Src/main.c:133:19: warning: incompatible implicit declaration of built-in function 'printf' [-Wbuiltin-declaration-mismatch]
  133 |                   printf("0 %d\r\n",i);
      |                   ^~~~~~
../Core/Src/main.c:133:19: note: include '<stdio.h>' or provide a declaration of 'printf'
arm-none-eabi-gcc -o "20250307_motor1.elf" @"objects.list"   -mcpu=cortex-m4 -T"D:\OneDrive - 独立行政法人 国立高等専門学校機構\github\development-F446RE\20250307_motor1\STM32F446RETX_FLASH.ld" --specs=nosys.specs -Wl,-Map="20250307_motor1.map" -Wl,--gc-sections -static --specs=nano.specs -mfpu=fpv4-sp-d16 -mfloat-abi=hard -mthumb -Wl,--start-group -lc -lm -Wl,--end-group
Finished building target: 20250307_motor1.elf
 
arm-none-eabi-size  20250307_motor1.elf 
arm-none-eabi-objdump -h -S 20250307_motor1.elf  > "20250307_motor1.list"
   text	   data	    bss	    dec	    hex	filename
  16480	    104	   2056	  18640	   48d0	20250307_motor1.elf
Finished building: default.size.stdout
 
Finished building: 20250307_motor1.list
 
12:52:50 **** インクリメンタル・ビルド of configuration Debug for project 20250307_motor1 ****
make -j16 all 
arm-none-eabi-gcc "../Core/Src/main.c" -mcpu=cortex-m4 -std=gnu11 -g3 -DDEBUG -DUSE_HAL_DRIVER -DSTM32F446xx -c -I../Core/Inc -I../Drivers/STM32F4xx_HAL_Driver/Inc -I../Drivers/STM32F4xx_HAL_Driver/Inc/Legacy -I../Drivers/CMSIS/Device/ST/STM32F4xx/Include -I../Drivers/CMSIS/Include -O0 -ffunction-sections -fdata-sections -Wall -fstack-usage -fcyclomatic-complexity -MMD -MP -MF"Core/Src/main.d" -MT"Core/Src/main.o" --specs=nano.specs -mfpu=fpv4-sp-d16 -mfloat-abi=hard -mthumb -o "Core/Src/main.o"
arm-none-eabi-gcc -o "20250307_motor1.elf" @"objects.list"   -mcpu=cortex-m4 -T"D:\OneDrive - 独立行政法人 国立高等専門学校機構\github\development-F446RE\20250307_motor1\STM32F446RETX_FLASH.ld" --specs=nosys.specs -Wl,-Map="20250307_motor1.map" -Wl,--gc-sections -static --specs=nano.specs -mfpu=fpv4-sp-d16 -mfloat-abi=hard -mthumb -Wl,--start-group -lc -lm -Wl,--end-group
Finished building target: 20250307_motor1.elf
 
arm-none-eabi-size  20250307_motor1.elf 
arm-none-eabi-objdump -h -S 20250307_motor1.elf  > "20250307_motor1.list"
   text	   data	    bss	    dec	    hex	filename
  16480	    104	   2056	  18640	   48d0	20250307_motor1.elf
Finished building: default.size.stdout
 
Finished building: 20250307_motor1.list
 
14:30:53 **** インクリメンタル・ビルド of configuration Debug for project 20250307_motor1 ****
make -j16 all 
arm-none-eabi-gcc "../Core/Src/main.c" -mcpu=cortex-m4 -std=gnu11 -g3 -DDEBUG -DUSE_HAL_DRIVER -DSTM32F446xx -c -I../Core/Inc -I../Drivers/STM32F4xx_HAL_Driver/Inc -I../Drivers/STM32F4xx_HAL_Driver/Inc/Legacy -I../Drivers/CMSIS/Device/ST/STM32F4xx/Include -I../Drivers/CMSIS/Include -O0 -ffunction-sections -fdata-sections -Wall -fstack-usage -fcyclomatic-complexity -MMD -MP -MF"Core/Src/main.d" -MT"Core/Src/main.o" --specs=nano.specs -mfpu=fpv4-sp-d16 -mfloat-abi=hard -mthumb -o "Core/Src/main.o"
arm-none-eabi-gcc -o "20250307_motor1.elf" @"objects.list"   -mcpu=cortex-m4 -T"D:\OneDrive - 独立行政法人 国立高等専門学校機構\github\development-F446RE\20250307_motor1\STM32F446RETX_FLASH.ld" --specs=nosys.specs -Wl,-Map="20250307_motor1.map" -Wl,--gc-sections -static --specs=nano.specs -mfpu=fpv4-sp-d16 -mfloat-abi=hard -mthumb -Wl,--start-group -lc -lm -Wl,--end-group
Finished building target: 20250307_motor1.elf
 
arm-none-eabi-size  20250307_motor1.elf 
arm-none-eabi-objdump -h -S 20250307_motor1.elf  > "20250307_motor1.list"
   text	   data	    bss	    dec	    hex	filename
  16492	    104	   2056	  18652	   48dc	20250307_motor1.elf
Finished building: default.size.stdout
 
Finished building: 20250307_motor1.list
 
14:31:48 **** インクリメンタル・ビルド of configuration Debug for project 20250307_motor1 ****
make -j16 all 
arm-none-eabi-gcc "../Core/Src/main.c" -mcpu=cortex-m4 -std=gnu11 -g3 -DDEBUG -DUSE_HAL_DRIVER -DSTM32F446xx -c -I../Core/Inc -I../Drivers/STM32F4xx_HAL_Driver/Inc -I../Drivers/STM32F4xx_HAL_Driver/Inc/Legacy -I../Drivers/CMSIS/Device/ST/STM32F4xx/Include -I../Drivers/CMSIS/Include -O0 -ffunction-sections -fdata-sections -Wall -fstack-usage -fcyclomatic-complexity -MMD -MP -MF"Core/Src/main.d" -MT"Core/Src/main.o" --specs=nano.specs -mfpu=fpv4-sp-d16 -mfloat-abi=hard -mthumb -o "Core/Src/main.o"
arm-none-eabi-gcc -o "20250307_motor1.elf" @"objects.list"   -mcpu=cortex-m4 -T"D:\OneDrive - 独立行政法人 国立高等専門学校機構\github\development-F446RE\20250307_motor1\STM32F446RETX_FLASH.ld" --specs=nosys.specs -Wl,-Map="20250307_motor1.map" -Wl,--gc-sections -static --specs=nano.specs -mfpu=fpv4-sp-d16 -mfloat-abi=hard -mthumb -Wl,--start-group -lc -lm -Wl,--end-group
Finished building target: 20250307_motor1.elf
 
arm-none-eabi-size  20250307_motor1.elf 
arm-none-eabi-objdump -h -S 20250307_motor1.elf  > "20250307_motor1.list"
   text	   data	    bss	    dec	    hex	filename
  16396	    104	   2056	  18556	   487c	20250307_motor1.elf
Finished building: default.size.stdout
 
Finished building: 20250307_motor1.list
 
14:33:17 **** インクリメンタル・ビルド of configuration Debug for project 20250307_motor1 ****
make -j16 all 
arm-none-eabi-gcc "../Core/Src/main.c" -mcpu=cortex-m4 -std=gnu11 -g3 -DDEBUG -DUSE_HAL_DRIVER -DSTM32F446xx -c -I../Core/Inc -I../Drivers/STM32F4xx_HAL_Driver/Inc -I../Drivers/STM32F4xx_HAL_Driver/Inc/Legacy -I../Drivers/CMSIS/Device/ST/STM32F4xx/Include -I../Drivers/CMSIS/Include -O0 -ffunction-sections -fdata-sections -Wall -fstack-usage -fcyclomatic-complexity -MMD -MP -MF"Core/Src/main.d" -MT"Core/Src/main.o" --specs=nano.specs -mfpu=fpv4-sp-d16 -mfloat-abi=hard -mthumb -o "Core/Src/main.o"
arm-none-eabi-gcc -o "20250307_motor1.elf" @"objects.list"   -mcpu=cortex-m4 -T"D:\OneDrive - 独立行政法人 国立高等専門学校機構\github\development-F446RE\20250307_motor1\STM32F446RETX_FLASH.ld" --specs=nosys.specs -Wl,-Map="20250307_motor1.map" -Wl,--gc-sections -static --specs=nano.specs -mfpu=fpv4-sp-d16 -mfloat-abi=hard -mthumb -Wl,--start-group -lc -lm -Wl,--end-group
Finished building target: 20250307_motor1.elf
 
arm-none-eabi-size  20250307_motor1.elf 
arm-none-eabi-objdump -h -S 20250307_motor1.elf  > "20250307_motor1.list"
   text	   data	    bss	    dec	    hex	filename
  16480	    104	   2056	  18640	   48d0	20250307_motor1.elf
Finished building: default.size.stdout
 
Finished building: 20250307_motor1.list
 
14:33:36 **** インクリメンタル・ビルド of configuration Debug for project 20250307_motor1 ****
make -j16 all 
arm-none-eabi-gcc "../Core/Src/main.c" -mcpu=cortex-m4 -std=gnu11 -g3 -DDEBUG -DUSE_HAL_DRIVER -DSTM32F446xx -c -I../Core/Inc -I../Drivers/STM32F4xx_HAL_Driver/Inc -I../Drivers/STM32F4xx_HAL_Driver/Inc/Legacy -I../Drivers/CMSIS/Device/ST/STM32F4xx/Include -I../Drivers/CMSIS/Include -O0 -ffunction-sections -fdata-sections -Wall -fstack-usage -fcyclomatic-complexity -MMD -MP -MF"Core/Src/main.d" -MT"Core/Src/main.o" --specs=nano.specs -mfpu=fpv4-sp-d16 -mfloat-abi=hard -mthumb -o "Core/Src/main.o"
arm-none-eabi-gcc -o "20250307_motor1.elf" @"objects.list"   -mcpu=cortex-m4 -T"D:\OneDrive - 独立行政法人 国立高等専門学校機構\github\development-F446RE\20250307_motor1\STM32F446RETX_FLASH.ld" --specs=nosys.specs -Wl,-Map="20250307_motor1.map" -Wl,--gc-sections -static --specs=nano.specs -mfpu=fpv4-sp-d16 -mfloat-abi=hard -mthumb -Wl,--start-group -lc -lm -Wl,--end-group
Finished building target: 20250307_motor1.elf
 
arm-none-eabi-size  20250307_motor1.elf 
arm-none-eabi-objdump -h -S 20250307_motor1.elf  > "20250307_motor1.list"
   text	   data	    bss	    dec	    hex	filename
  16480	    104	   2056	  18640	   48d0	20250307_motor1.elf
Finished building: default.size.stdout
 
Finished building: 20250307_motor1.list
 
